Started GET "/" for ::1 at 2023-05-09 06:34:10 -0300
Processing by Rails::WelcomeController#index as HTML
  Rendering /home/cassio/.asdf/installs/ruby/3.0.5/lib/ruby/gems/3.0.0/gems/railties-7.0.4.3/lib/rails/templates/rails/welcome/index.html.erb
  Rendered /home/cassio/.asdf/installs/ruby/3.0.5/lib/ruby/gems/3.0.0/gems/railties-7.0.4.3/lib/rails/templates/rails/welcome/index.html.erb (Duration: 1.2ms | Allocations: 932)
Completed 200 OK in 10ms (Views: 4.3ms | ActiveRecord: 0.0ms | Allocations: 7994)


Started GET "/" for ::1 at 2023-05-09 06:34:12 -0300
Processing by Rails::WelcomeController#index as HTML
  Rendering /home/cassio/.asdf/installs/ruby/3.0.5/lib/ruby/gems/3.0.0/gems/railties-7.0.4.3/lib/rails/templates/rails/welcome/index.html.erb
  Rendered /home/cassio/.asdf/installs/ruby/3.0.5/lib/ruby/gems/3.0.0/gems/railties-7.0.4.3/lib/rails/templates/rails/welcome/index.html.erb (Duration: 0.8ms | Allocations: 487)
Completed 200 OK in 2ms (Views: 1.6ms | ActiveRecord: 0.0ms | Allocations: 1486)


Started GET "/home" for ::1 at 2023-05-09 06:34:16 -0300
  
ActionController::RoutingError (No route matches [GET] "/home"):
  
Started GET "/home/index" for ::1 at 2023-05-09 06:35:17 -0300
Processing by HomeController#index as HTML
  Rendering layout layouts/application.html.erb
  Rendering home/index.html.erb within layouts/application
  Rendered home/index.html.erb within layouts/application (Duration: 0.3ms | Allocations: 138)
  Rendered layout layouts/application.html.erb (Duration: 194.6ms | Allocations: 100753)
Completed 200 OK in 196ms (Views: 195.5ms | ActiveRecord: 0.0ms | Allocations: 101971)


Started GET "/home" for ::1 at 2023-05-09 06:36:09 -0300
Processing by HomeController#index as HTML
  Rendering layout layouts/application.html.erb
  Rendering home/index.html.erb within layouts/application
  Rendered home/index.html.erb within layouts/application (Duration: 0.1ms | Allocations: 12)
  Rendered layout layouts/application.html.erb (Duration: 56.3ms | Allocations: 14532)
Completed 200 OK in 57ms (Views: 57.1ms | Allocations: 15391)


Started GET "/home" for ::1 at 2023-05-09 06:36:12 -0300
Processing by HomeController#index as HTML
  Rendering layout layouts/application.html.erb
  Rendering home/index.html.erb within layouts/application
  Rendered home/index.html.erb within layouts/application (Duration: 0.0ms | Allocations: 7)
  Rendered layout layouts/application.html.erb (Duration: 2.1ms | Allocations: 2602)
Completed 200 OK in 3ms (Views: 2.3ms | Allocations: 2936)


Started GET "/home" for ::1 at 2023-05-09 06:36:13 -0300
Processing by HomeController#index as HTML
  Rendering layout layouts/application.html.erb
  Rendering home/index.html.erb within layouts/application
  Rendered home/index.html.erb within layouts/application (Duration: 0.0ms | Allocations: 7)
  Rendered layout layouts/application.html.erb (Duration: 2.0ms | Allocations: 2600)
Completed 200 OK in 3ms (Views: 2.3ms | Allocations: 2919)


Started GET "/home" for ::1 at 2023-05-09 06:37:01 -0300
Processing by HomeController#index as HTML
  Rendering layout layouts/application.html.erb
  Rendering home/index.html.erb within layouts/application
  Rendered home/index.html.erb within layouts/application (Duration: 0.0ms | Allocations: 7)
  Rendered layout layouts/application.html.erb (Duration: 2.0ms | Allocations: 2609)
Completed 200 OK in 2ms (Views: 2.3ms | Allocations: 2925)


Started GET "/" for ::1 at 2023-05-09 06:37:09 -0300
Processing by HomeController#index as HTML
  Rendering layout layouts/application.html.erb
  Rendering home/index.html.erb within layouts/application
  Rendered home/index.html.erb within layouts/application (Duration: 0.0ms | Allocations: 7)
  Rendered layout layouts/application.html.erb (Duration: 3.3ms | Allocations: 2603)
Completed 200 OK in 4ms (Views: 3.7ms | Allocations: 2918)


Started GET "/" for ::1 at 2023-05-09 06:37:15 -0300
Processing by HomeController#index as HTML
  Rendering layout layouts/application.html.erb
  Rendering home/index.html.erb within layouts/application
  Rendered home/index.html.erb within layouts/application (Duration: 0.0ms | Allocations: 7)
  Rendered layout layouts/application.html.erb (Duration: 2.4ms | Allocations: 2612)
Completed 200 OK in 3ms (Views: 3.0ms | Allocations: 2927)


Started GET "/" for ::1 at 2023-05-09 07:32:37 -0300
Processing by HomeController#index as HTML
  Rendering layout layouts/application.html.erb
  Rendering home/index.html.erb within layouts/application
  Rendered home/index.html.erb within layouts/application (Duration: 0.5ms | Allocations: 458)
  Rendered layout layouts/application.html.erb (Duration: 37.5ms | Allocations: 36064)
Completed 200 OK in 42ms (Views: 39.1ms | ActiveRecord: 0.0ms | Allocations: 42130)


Started GET "/" for ::1 at 2023-05-09 07:34:31 -0300
Processing by HomeController#index as HTML
  Rendering layout layouts/application.html.erb
  Rendering home/index.html.erb within layouts/application
  Rendered home/index.html.erb within layouts/application (Duration: 0.0ms | Allocations: 12)
  Rendered layout layouts/application.html.erb (Duration: 8.0ms | Allocations: 14513)
Completed 200 OK in 9ms (Views: 8.8ms | Allocations: 15398)


Started GET "/" for ::1 at 2023-05-09 07:34:32 -0300
Processing by HomeController#index as HTML
  Rendering layout layouts/application.html.erb
  Rendering home/index.html.erb within layouts/application
  Rendered home/index.html.erb within layouts/application (Duration: 0.0ms | Allocations: 7)
  Rendered layout layouts/application.html.erb (Duration: 2.0ms | Allocations: 2593)
Completed 200 OK in 3ms (Views: 2.3ms | Allocations: 2947)


Started GET "/" for ::1 at 2023-05-09 07:34:40 -0300
Processing by HomeController#index as HTML
  Rendering layout layouts/application.html.erb
  Rendering home/index.html.erb within layouts/application
  Rendered home/index.html.erb within layouts/application (Duration: 0.0ms | Allocations: 7)
  Rendered layout layouts/application.html.erb (Duration: 2.0ms | Allocations: 2605)
Completed 200 OK in 3ms (Views: 2.3ms | Allocations: 2940)


Started GET "/" for ::1 at 2023-05-09 07:35:07 -0300
Processing by HomeController#index as HTML
  Rendering layout layouts/application.html.erb
  Rendering home/index.html.erb within layouts/application
  Rendered home/index.html.erb within layouts/application (Duration: 0.3ms | Allocations: 167)
  Rendered layout layouts/application.html.erb (Duration: 2.6ms | Allocations: 3245)
Completed 200 OK in 4ms (Views: 3.7ms | Allocations: 4404)


Started GET "/?valor=100" for ::1 at 2023-05-09 07:35:15 -0300
Processing by HomeController#index as HTML
  Parameters: {"valor"=>"100"}
  Rendering layout layouts/application.html.erb
  Rendering home/index.html.erb within layouts/application
  Rendered home/index.html.erb within layouts/application (Duration: 0.0ms | Allocations: 8)
  Rendered layout layouts/application.html.erb (Duration: 3.1ms | Allocations: 2596)
Completed 200 OK in 4ms (Views: 3.5ms | Allocations: 2945)


Started GET "/?moeda=100" for ::1 at 2023-05-09 07:35:34 -0300
Processing by HomeController#index as HTML
  Parameters: {"moeda"=>"100"}
  Rendering layout layouts/application.html.erb
  Rendering home/index.html.erb within layouts/application
  Rendered home/index.html.erb within layouts/application (Duration: 0.1ms | Allocations: 8)
  Rendered layout layouts/application.html.erb (Duration: 2.0ms | Allocations: 2602)
Completed 200 OK in 3ms (Views: 2.3ms | Allocations: 2932)


Started GET "/?moeda=1_00" for ::1 at 2023-05-09 07:35:39 -0300
Processing by HomeController#index as HTML
  Parameters: {"moeda"=>"1_00"}
  Rendering layout layouts/application.html.erb
  Rendering home/index.html.erb within layouts/application
  Rendered home/index.html.erb within layouts/application (Duration: 0.0ms | Allocations: 8)
  Rendered layout layouts/application.html.erb (Duration: 1.9ms | Allocations: 2599)
Completed 200 OK in 3ms (Views: 2.2ms | Allocations: 2928)


Started GET "/?moeda=1000.00" for ::1 at 2023-05-09 07:35:45 -0300
Processing by HomeController#index as HTML
  Parameters: {"moeda"=>"1000.00"}
  Rendering layout layouts/application.html.erb
  Rendering home/index.html.erb within layouts/application
  Rendered home/index.html.erb within layouts/application (Duration: 0.0ms | Allocations: 8)
  Rendered layout layouts/application.html.erb (Duration: 2.0ms | Allocations: 2602)
Completed 200 OK in 3ms (Views: 2.3ms | Allocations: 2931)


Started GET "/?moeda=1000.00" for ::1 at 2023-05-09 07:35:57 -0300
Processing by HomeController#index as HTML
  Parameters: {"moeda"=>"1000.00"}
  Rendering layout layouts/application.html.erb
  Rendering home/index.html.erb within layouts/application
  Rendered home/index.html.erb within layouts/application (Duration: 0.0ms | Allocations: 14)
  Rendered layout layouts/application.html.erb (Duration: 8.2ms | Allocations: 14520)
Completed 200 OK in 9ms (Views: 9.0ms | Allocations: 15394)


Started GET "/" for ::1 at 2023-05-09 07:36:01 -0300
Processing by HomeController#index as HTML
  Rendering layout layouts/application.html.erb
  Rendering home/index.html.erb within layouts/application
  Rendered home/index.html.erb within layouts/application (Duration: 0.0ms | Allocations: 8)
  Rendered layout layouts/application.html.erb (Duration: 2.0ms | Allocations: 2587)
Completed 200 OK in 3ms (Views: 2.3ms | Allocations: 2933)


Started GET "/?moeda=1_000.00" for ::1 at 2023-05-09 07:36:26 -0300
Processing by HomeController#index as HTML
  Parameters: {"moeda"=>"1_000.00"}
  Rendering layout layouts/application.html.erb
  Rendering home/index.html.erb within layouts/application
  Rendered home/index.html.erb within layouts/application (Duration: 0.0ms | Allocations: 8)
  Rendered layout layouts/application.html.erb (Duration: 1.9ms | Allocations: 2608)
Completed 200 OK in 2ms (Views: 2.2ms | Allocations: 2935)


Started GET "/?moeda=a" for ::1 at 2023-05-09 07:36:35 -0300
Processing by HomeController#index as HTML
  Parameters: {"moeda"=>"a"}
  Rendering layout layouts/application.html.erb
  Rendering home/index.html.erb within layouts/application
  Rendered home/index.html.erb within layouts/application (Duration: 0.0ms | Allocations: 8)
  Rendered layout layouts/application.html.erb (Duration: 1.9ms | Allocations: 2590)
Completed 200 OK in 2ms (Views: 2.2ms | Allocations: 2917)


Started GET "/?moeda=a" for ::1 at 2023-05-09 07:36:50 -0300
Processing by HomeController#index as HTML
  Parameters: {"moeda"=>"a"}
  Rendering layout layouts/application.html.erb
  Rendering home/index.html.erb within layouts/application
  Rendered home/index.html.erb within layouts/application (Duration: 0.0ms | Allocations: 8)
  Rendered layout layouts/application.html.erb (Duration: 1.9ms | Allocations: 2578)
Completed 200 OK in 3ms (Views: 2.2ms | Allocations: 2905)


Started GET "/" for ::1 at 2023-05-09 07:36:54 -0300
Processing by HomeController#index as HTML
  Rendering layout layouts/application.html.erb
  Rendering home/index.html.erb within layouts/application
  Rendered home/index.html.erb within layouts/application (Duration: 0.0ms | Allocations: 8)
  Rendered layout layouts/application.html.erb (Duration: 1.9ms | Allocations: 2590)
Completed 200 OK in 2ms (Views: 2.2ms | Allocations: 2919)


Started GET "/" for ::1 at 2023-05-09 07:37:37 -0300
Processing by HomeController#index as HTML
  Rendering layout layouts/application.html.erb
  Rendering home/index.html.erb within layouts/application
  Rendered home/index.html.erb within layouts/application (Duration: 0.0ms | Allocations: 12)
  Rendered layout layouts/application.html.erb (Duration: 8.8ms | Allocations: 14592)
Completed 200 OK in 10ms (Views: 9.6ms | Allocations: 15466)


Started GET "/?moeda=a" for ::1 at 2023-05-09 07:37:43 -0300
Processing by HomeController#index as HTML
  Parameters: {"moeda"=>"a"}
  Rendering layout layouts/application.html.erb
  Rendering home/index.html.erb within layouts/application
  Rendered home/index.html.erb within layouts/application (Duration: 0.0ms | Allocations: 9)
  Rendered layout layouts/application.html.erb (Duration: 3.1ms | Allocations: 2591)
Completed 200 OK in 4ms (Views: 3.4ms | Allocations: 2936)


Started GET "/?moeda=1000.00" for ::1 at 2023-05-09 07:37:50 -0300
Processing by HomeController#index as HTML
  Parameters: {"moeda"=>"1000.00"}
  Rendering layout layouts/application.html.erb
  Rendering home/index.html.erb within layouts/application
  Rendered home/index.html.erb within layouts/application (Duration: 0.0ms | Allocations: 8)
  Rendered layout layouts/application.html.erb (Duration: 1.9ms | Allocations: 2614)
Completed 200 OK in 2ms (Views: 2.2ms | Allocations: 2941)


Started GET "/" for ::1 at 2023-05-09 07:37:55 -0300
Processing by HomeController#index as HTML
  Rendering layout layouts/application.html.erb
  Rendering home/index.html.erb within layouts/application
  Rendered home/index.html.erb within layouts/application (Duration: 0.0ms | Allocations: 7)
  Rendered layout layouts/application.html.erb (Duration: 3.0ms | Allocations: 2577)
Completed 200 OK in 4ms (Views: 3.3ms | Allocations: 2903)


Started GET "/?moeda=1000.00" for ::1 at 2023-05-09 07:37:57 -0300
Processing by HomeController#index as HTML
  Parameters: {"moeda"=>"1000.00"}
  Rendering layout layouts/application.html.erb
  Rendering home/index.html.erb within layouts/application
  Rendered home/index.html.erb within layouts/application (Duration: 0.0ms | Allocations: 8)
  Rendered layout layouts/application.html.erb (Duration: 2.3ms | Allocations: 2601)
Completed 200 OK in 3ms (Views: 2.7ms | Allocations: 2929)


Started GET "/" for 127.0.0.1 at 2023-05-10 06:11:28 -0300
Processing by HomeController#index as HTML
  Rendering layout layouts/application.html.erb
  Rendering home/index.html.erb within layouts/application
  Rendered home/index.html.erb within layouts/application (Duration: 0.7ms | Allocations: 490)
  Rendered layout layouts/application.html.erb (Duration: 42.1ms | Allocations: 37301)
Completed 200 OK in 49ms (Views: 44.2ms | ActiveRecord: 0.0ms | Allocations: 43394)


Started GET "/?moeda=1000" for 127.0.0.1 at 2023-05-10 06:11:46 -0300
Processing by HomeController#index as HTML
  Parameters: {"moeda"=>"1000"}
  Rendering layout layouts/application.html.erb
  Rendering home/index.html.erb within layouts/application
  Rendered home/index.html.erb within layouts/application (Duration: 0.0ms | Allocations: 11)
  Rendered layout layouts/application.html.erb (Duration: 2.1ms | Allocations: 2989)
Completed 200 OK in 3ms (Views: 2.4ms | ActiveRecord: 0.0ms | Allocations: 3391)


Started GET "/?moeda=1000" for 127.0.0.1 at 2023-05-10 06:17:07 -0300
Processing by HomeController#index as HTML
  Parameters: {"moeda"=>"1000"}
  Rendering layout layouts/application.html.erb
  Rendering home/index.html.erb within layouts/application
  Rendered home/index.html.erb within layouts/application (Duration: 0.0ms | Allocations: 14)
  Rendered layout layouts/application.html.erb (Duration: 12.1ms | Allocations: 14837)
Completed 200 OK in 14ms (Views: 12.9ms | Allocations: 15855)


Started GET "/?moeda=1000" for 127.0.0.1 at 2023-05-10 06:17:08 -0300
Processing by HomeController#index as HTML
  Parameters: {"moeda"=>"1000"}
  Rendering layout layouts/application.html.erb
  Rendering home/index.html.erb within layouts/application
  Rendered home/index.html.erb within layouts/application (Duration: 0.0ms | Allocations: 8)
  Rendered layout layouts/application.html.erb (Duration: 3.3ms | Allocations: 2827)
Completed 200 OK in 4ms (Views: 3.7ms | Allocations: 3179)


Started GET "/?moeda=1000" for 127.0.0.1 at 2023-05-10 06:17:09 -0300
Processing by HomeController#index as HTML
  Parameters: {"moeda"=>"1000"}
  Rendering layout layouts/application.html.erb
  Rendering home/index.html.erb within layouts/application
  Rendered home/index.html.erb within layouts/application (Duration: 0.0ms | Allocations: 8)
  Rendered layout layouts/application.html.erb (Duration: 1.9ms | Allocations: 2823)
Completed 200 OK in 3ms (Views: 2.3ms | Allocations: 3151)


Started GET "/?moeda=1000" for 127.0.0.1 at 2023-05-10 06:17:09 -0300
Processing by HomeController#index as HTML
  Parameters: {"moeda"=>"1000"}
  Rendering layout layouts/application.html.erb
  Rendering home/index.html.erb within layouts/application
  Rendered home/index.html.erb within layouts/application (Duration: 0.0ms | Allocations: 8)
  Rendered layout layouts/application.html.erb (Duration: 2.1ms | Allocations: 2818)
Completed 200 OK in 3ms (Views: 2.4ms | Allocations: 3150)


Started GET "/?moeda=1000" for 127.0.0.1 at 2023-05-10 06:18:11 -0300
Processing by HomeController#index as HTML
  Parameters: {"moeda"=>"1000"}
  Rendering layout layouts/application.html.erb
  Rendering home/index.html.erb within layouts/application
  Rendered home/index.html.erb within layouts/application (Duration: 0.4ms | Allocations: 190)
  Rendered layout layouts/application.html.erb (Duration: 8.2ms | Allocations: 15143)
Completed 200 OK in 10ms (Views: 9.3ms | Allocations: 16475)


Started GET "/?moeda=1000" for 127.0.0.1 at 2023-05-10 06:18:51 -0300
Processing by HomeController#index as HTML
  Parameters: {"moeda"=>"1000"}
  Rendering layout layouts/application.html.erb
  Rendering home/index.html.erb within layouts/application
  Rendered home/index.html.erb within layouts/application (Duration: 0.3ms | Allocations: 190)
  Rendered layout layouts/application.html.erb (Duration: 2.7ms | Allocations: 3497)
Completed 200 OK in 4ms (Views: 3.7ms | Allocations: 4645)


Started GET "/?moeda=1000" for 127.0.0.1 at 2023-05-10 06:19:04 -0300
Processing by HomeController#index as HTML
  Parameters: {"moeda"=>"1000"}
  Rendering layout layouts/application.html.erb
  Rendering home/index.html.erb within layouts/application
  Rendered home/index.html.erb within layouts/application (Duration: 0.0ms | Allocations: 11)
  Rendered layout layouts/application.html.erb (Duration: 1.9ms | Allocations: 2823)
Completed 200 OK in 2ms (Views: 2.2ms | Allocations: 3173)


Started GET "/?moeda=1000" for 127.0.0.1 at 2023-05-10 06:19:05 -0300
Processing by HomeController#index as HTML
  Parameters: {"moeda"=>"1000"}
  Rendering layout layouts/application.html.erb
  Rendering home/index.html.erb within layouts/application
  Rendered home/index.html.erb within layouts/application (Duration: 0.0ms | Allocations: 11)
  Rendered layout layouts/application.html.erb (Duration: 2.0ms | Allocations: 2829)
Completed 200 OK in 3ms (Views: 2.4ms | Allocations: 3159)


Started GET "/?moeda=1000" for 127.0.0.1 at 2023-05-10 06:19:05 -0300
Processing by HomeController#index as HTML
  Parameters: {"moeda"=>"1000"}
  Rendering layout layouts/application.html.erb
  Rendering home/index.html.erb within layouts/application
  Rendered home/index.html.erb within layouts/application (Duration: 0.0ms | Allocations: 11)
  Rendered layout layouts/application.html.erb (Duration: 3.2ms | Allocations: 2808)
Completed 200 OK in 4ms (Views: 3.9ms | Allocations: 3138)


Started GET "/?moeda=1000" for 127.0.0.1 at 2023-05-10 06:19:05 -0300
Processing by HomeController#index as HTML
  Parameters: {"moeda"=>"1000"}
  Rendering layout layouts/application.html.erb
  Rendering home/index.html.erb within layouts/application
  Rendered home/index.html.erb within layouts/application (Duration: 0.0ms | Allocations: 11)
  Rendered layout layouts/application.html.erb (Duration: 2.6ms | Allocations: 2844)
Completed 200 OK in 3ms (Views: 3.0ms | Allocations: 3174)


Started GET "/?moeda=1000" for 127.0.0.1 at 2023-05-10 06:19:06 -0300
Processing by HomeController#index as HTML
  Parameters: {"moeda"=>"1000"}
  Rendering layout layouts/application.html.erb
  Rendering home/index.html.erb within layouts/application
  Rendered home/index.html.erb within layouts/application (Duration: 0.0ms | Allocations: 11)
  Rendered layout layouts/application.html.erb (Duration: 2.2ms | Allocations: 2820)
Completed 200 OK in 3ms (Views: 2.5ms | Allocations: 3150)


Started GET "/?moeda=1000" for 127.0.0.1 at 2023-05-10 06:19:06 -0300
Processing by HomeController#index as HTML
  Parameters: {"moeda"=>"1000"}
  Rendering layout layouts/application.html.erb
  Rendering home/index.html.erb within layouts/application
  Rendered home/index.html.erb within layouts/application (Duration: 0.0ms | Allocations: 11)
  Rendered layout layouts/application.html.erb (Duration: 2.1ms | Allocations: 2808)
Completed 200 OK in 3ms (Views: 2.4ms | Allocations: 3138)


Started GET "/?moeda=1000" for 127.0.0.1 at 2023-05-10 06:19:06 -0300
Processing by HomeController#index as HTML
  Parameters: {"moeda"=>"1000"}
  Rendering layout layouts/application.html.erb
  Rendering home/index.html.erb within layouts/application
  Rendered home/index.html.erb within layouts/application (Duration: 0.0ms | Allocations: 11)
  Rendered layout layouts/application.html.erb (Duration: 1.8ms | Allocations: 2814)
Completed 200 OK in 2ms (Views: 2.1ms | Allocations: 3144)


Started GET "/?moeda=1000" for 127.0.0.1 at 2023-05-10 06:19:06 -0300
Processing by HomeController#index as HTML
  Parameters: {"moeda"=>"1000"}
  Rendering layout layouts/application.html.erb
  Rendering home/index.html.erb within layouts/application
  Rendered home/index.html.erb within layouts/application (Duration: 0.0ms | Allocations: 11)
  Rendered layout layouts/application.html.erb (Duration: 3.0ms | Allocations: 2802)
Completed 200 OK in 4ms (Views: 3.4ms | Allocations: 3133)


Started GET "/?moeda=1000" for 127.0.0.1 at 2023-05-10 06:19:06 -0300
Processing by HomeController#index as HTML
  Parameters: {"moeda"=>"1000"}
  Rendering layout layouts/application.html.erb
  Rendering home/index.html.erb within layouts/application
  Rendered home/index.html.erb within layouts/application (Duration: 0.0ms | Allocations: 11)
  Rendered layout layouts/application.html.erb (Duration: 2.0ms | Allocations: 2811)
Completed 200 OK in 2ms (Views: 2.2ms | Allocations: 3142)


Started GET "/?moeda=1000" for 127.0.0.1 at 2023-05-10 06:19:07 -0300
Processing by HomeController#index as HTML
  Parameters: {"moeda"=>"1000"}
  Rendering layout layouts/application.html.erb
  Rendering home/index.html.erb within layouts/application
  Rendered home/index.html.erb within layouts/application (Duration: 0.0ms | Allocations: 11)
  Rendered layout layouts/application.html.erb (Duration: 2.0ms | Allocations: 2811)
Completed 200 OK in 3ms (Views: 2.3ms | Allocations: 3141)


Started GET "/?moeda=1000" for 127.0.0.1 at 2023-05-10 06:19:07 -0300
Processing by HomeController#index as HTML
  Parameters: {"moeda"=>"1000"}
  Rendering layout layouts/application.html.erb
  Rendering home/index.html.erb within layouts/application
  Rendered home/index.html.erb within layouts/application (Duration: 0.0ms | Allocations: 11)
  Rendered layout layouts/application.html.erb (Duration: 5.4ms | Allocations: 2817)
Completed 200 OK in 6ms (Views: 5.7ms | Allocations: 3148)


Started GET "/?moeda=1000" for 127.0.0.1 at 2023-05-10 06:19:07 -0300
Processing by HomeController#index as HTML
  Parameters: {"moeda"=>"1000"}
  Rendering layout layouts/application.html.erb
  Rendering home/index.html.erb within layouts/application
  Rendered home/index.html.erb within layouts/application (Duration: 0.0ms | Allocations: 11)
  Rendered layout layouts/application.html.erb (Duration: 2.2ms | Allocations: 2799)
Completed 200 OK in 3ms (Views: 2.5ms | Allocations: 3129)


Started GET "/?moeda=1000" for 127.0.0.1 at 2023-05-10 06:19:07 -0300
Processing by HomeController#index as HTML
  Parameters: {"moeda"=>"1000"}
  Rendering layout layouts/application.html.erb
  Rendering home/index.html.erb within layouts/application
  Rendered home/index.html.erb within layouts/application (Duration: 0.0ms | Allocations: 11)
  Rendered layout layouts/application.html.erb (Duration: 2.2ms | Allocations: 2820)
Completed 200 OK in 3ms (Views: 2.5ms | Allocations: 3150)


Started GET "/?moeda=1000" for 127.0.0.1 at 2023-05-10 06:25:26 -0300
Processing by HomeController#index as HTML
  Parameters: {"moeda"=>"1000"}
  Rendering layout layouts/application.html.erb
  Rendering home/index.html.erb within layouts/application
  Rendered home/index.html.erb within layouts/application (Duration: 0.4ms | Allocations: 191)
  Rendered layout layouts/application.html.erb (Duration: 2.8ms | Allocations: 3537)
Completed 200 OK in 4ms (Views: 3.7ms | Allocations: 4673)


