Started GET "/" for ::1 at 2023-05-09 06:34:10 -0300
Processing by Rails::WelcomeController#index as HTML
  Rendering /home/cassio/.asdf/installs/ruby/3.0.5/lib/ruby/gems/3.0.0/gems/railties-7.0.4.3/lib/rails/templates/rails/welcome/index.html.erb
  Rendered /home/cassio/.asdf/installs/ruby/3.0.5/lib/ruby/gems/3.0.0/gems/railties-7.0.4.3/lib/rails/templates/rails/welcome/index.html.erb (Duration: 1.2ms | Allocations: 932)
Completed 200 OK in 10ms (Views: 4.3ms | ActiveRecord: 0.0ms | Allocations: 7994)


Started GET "/" for ::1 at 2023-05-09 06:34:12 -0300
Processing by Rails::WelcomeController#index as HTML
  Rendering /home/cassio/.asdf/installs/ruby/3.0.5/lib/ruby/gems/3.0.0/gems/railties-7.0.4.3/lib/rails/templates/rails/welcome/index.html.erb
  Rendered /home/cassio/.asdf/installs/ruby/3.0.5/lib/ruby/gems/3.0.0/gems/railties-7.0.4.3/lib/rails/templates/rails/welcome/index.html.erb (Duration: 0.8ms | Allocations: 487)
Completed 200 OK in 2ms (Views: 1.6ms | ActiveRecord: 0.0ms | Allocations: 1486)


Started GET "/home" for ::1 at 2023-05-09 06:34:16 -0300
  
ActionController::RoutingError (No route matches [GET] "/home"):
  
Started GET "/home/index" for ::1 at 2023-05-09 06:35:17 -0300
Processing by HomeController#index as HTML
  Rendering layout layouts/application.html.erb
  Rendering home/index.html.erb within layouts/application
  Rendered home/index.html.erb within layouts/application (Duration: 0.3ms | Allocations: 138)
  Rendered layout layouts/application.html.erb (Duration: 194.6ms | Allocations: 100753)
Completed 200 OK in 196ms (Views: 195.5ms | ActiveRecord: 0.0ms | Allocations: 101971)


Started GET "/home" for ::1 at 2023-05-09 06:36:09 -0300
Processing by HomeController#index as HTML
  Rendering layout layouts/application.html.erb
  Rendering home/index.html.erb within layouts/application
  Rendered home/index.html.erb within layouts/application (Duration: 0.1ms | Allocations: 12)
  Rendered layout layouts/application.html.erb (Duration: 56.3ms | Allocations: 14532)
Completed 200 OK in 57ms (Views: 57.1ms | Allocations: 15391)


Started GET "/home" for ::1 at 2023-05-09 06:36:12 -0300
Processing by HomeController#index as HTML
  Rendering layout layouts/application.html.erb
  Rendering home/index.html.erb within layouts/application
  Rendered home/index.html.erb within layouts/application (Duration: 0.0ms | Allocations: 7)
  Rendered layout layouts/application.html.erb (Duration: 2.1ms | Allocations: 2602)
Completed 200 OK in 3ms (Views: 2.3ms | Allocations: 2936)


Started GET "/home" for ::1 at 2023-05-09 06:36:13 -0300
Processing by HomeController#index as HTML
  Rendering layout layouts/application.html.erb
  Rendering home/index.html.erb within layouts/application
  Rendered home/index.html.erb within layouts/application (Duration: 0.0ms | Allocations: 7)
  Rendered layout layouts/application.html.erb (Duration: 2.0ms | Allocations: 2600)
Completed 200 OK in 3ms (Views: 2.3ms | Allocations: 2919)


Started GET "/home" for ::1 at 2023-05-09 06:37:01 -0300
Processing by HomeController#index as HTML
  Rendering layout layouts/application.html.erb
  Rendering home/index.html.erb within layouts/application
  Rendered home/index.html.erb within layouts/application (Duration: 0.0ms | Allocations: 7)
  Rendered layout layouts/application.html.erb (Duration: 2.0ms | Allocations: 2609)
Completed 200 OK in 2ms (Views: 2.3ms | Allocations: 2925)


Started GET "/" for ::1 at 2023-05-09 06:37:09 -0300
Processing by HomeController#index as HTML
  Rendering layout layouts/application.html.erb
  Rendering home/index.html.erb within layouts/application
  Rendered home/index.html.erb within layouts/application (Duration: 0.0ms | Allocations: 7)
  Rendered layout layouts/application.html.erb (Duration: 3.3ms | Allocations: 2603)
Completed 200 OK in 4ms (Views: 3.7ms | Allocations: 2918)


Started GET "/" for ::1 at 2023-05-09 06:37:15 -0300
Processing by HomeController#index as HTML
  Rendering layout layouts/application.html.erb
  Rendering home/index.html.erb within layouts/application
  Rendered home/index.html.erb within layouts/application (Duration: 0.0ms | Allocations: 7)
  Rendered layout layouts/application.html.erb (Duration: 2.4ms | Allocations: 2612)
Completed 200 OK in 3ms (Views: 3.0ms | Allocations: 2927)


